<?xml version="1.0" encoding="UTF-8"?>
<!-- Generated by org.testng.reporters.JUnitReportReporter -->
<testsuite hostname="PDAS" failures="0" tests="1" name="qa.GoogleTest" time="17.645" errors="0" timestamp="2025-03-15T19:57:52 IST" skipped="0">
  <testcase classname="qa.GoogleTest" name="verifyGoogleTitleTest" time="17.645"/>
</testsuite> <!-- qa.GoogleTest -->
